<?xml version="1.0" encoding="UTF-8"?>
<testsuite xmlns:xsi="http://www.w3.org/2001/XMLSchema-instance" xsi:noNamespaceSchemaLocation="https://maven.apache.org/surefire/maven-surefire-plugin/xsd/surefire-test-report-3.0.xsd" version="3.0" name="example.DynamodbIntegrationTest" time="6.073" tests="1" errors="0" skipped="0" failures="0">
  <properties>
[...]
</properties>
  <testcase name="quickTest" classname="example.DynamodbIntegrationTest" time="5.977">
    <system-out><![CDATA[ddb address localhost
ddb port 53085
DescribeTableResponse(Table=TableDescription(AttributeDefinitions=[AttributeDefinition(AttributeName=key, AttributeType=S)], TableName=example, KeySchema=[KeySchemaElement(AttributeName=key, KeyType=HASH)], TableStatus=ACTIVE, CreationDateTime=2023-05-03T01:36:01.530Z, ProvisionedThroughput=ProvisionedThroughputDescription(LastIncreaseDateTime=1970-01-01T00:00:00Z, LastDecreaseDateTime=1970-01-01T00:00:00Z, NumberOfDecreasesToday=0, ReadCapacityUnits=10, WriteCapacityUnits=10), TableSizeBytes=0, ItemCount=0, TableArn=arn:aws:dynamodb:ddblocal:000000000000:table/example))
]]></system-out>
    <system-err><![CDATA[[main] INFO org.testcontainers.utility.ImageNameSubstitutor - Image name substitution will be performed by: DefaultImageNameSubstitutor (composite of 'ConfigurationFileImageNameSubstitutor' and 'PrefixingImageNameSubstitutor')
[main] INFO org.testcontainers.dockerclient.DockerClientProviderStrategy - Loaded org.testcontainers.dockerclient.UnixSocketClientProviderStrategy from ~/.testcontainers.properties, will try it first
[main] INFO org.testcontainers.dockerclient.DockerClientProviderStrategy - Found Docker environment with local Unix socket (unix:///var/run/docker.sock)
[main] INFO org.testcontainers.DockerClientFactory - Docker host IP address is localhost
[main] INFO org.testcontainers.DockerClientFactory - Connected to docker: 
  Server Version: 20.10.11
  API Version: 1.41
  Operating System: Docker Desktop
  Total Memory: 1985 MB
[main] INFO tc.testcontainers/ryuk:0.4.0 - Creating container for image: testcontainers/ryuk:0.4.0
[main] INFO org.testcontainers.utility.RegistryAuthLocator - Credential helper/store (docker-credential-desktop) does not have credentials for https://index.docker.io/v1/
[main] INFO tc.testcontainers/ryuk:0.4.0 - Container testcontainers/ryuk:0.4.0 is starting: 85a95d208f0284da6b7137fc7299c818478adfca2ed3b0a893a1a2bdc7cd2634
[main] INFO tc.testcontainers/ryuk:0.4.0 - Container testcontainers/ryuk:0.4.0 started in PT0.889328S
[main] INFO org.testcontainers.utility.RyukResourceReaper - Ryuk started - will monitor and terminate Testcontainers containers on JVM exit
[main] INFO org.testcontainers.DockerClientFactory - Checking the system...
[main] INFO org.testcontainers.DockerClientFactory - ✔︎ Docker server version should be at least 1.6.0
[main] INFO tc.amazon/dynamodb-local:latest - Creating container for image: amazon/dynamodb-local:latest
[main] INFO tc.amazon/dynamodb-local:latest - Container amazon/dynamodb-local:latest is starting: 94ad8761c44268f27181bc9b58a0c29faa5d7b6d4e129a8a0a308b888ba58b25
[main] INFO tc.amazon/dynamodb-local:latest - Container amazon/dynamodb-local:latest started in PT2.490202S
]]></system-err>
  </testcase>
</testsuite>